<?xml version="1.0" encoding="UTF-8"?>
<!-- Generated by org.testng.reporters.JUnitReportReporter -->
<testsuite hostname="Ektas-MBP.lan" failures="0" tests="1" name="com.rest_testRequest.GetTest" time="0.007" errors="0" timestamp="02 Feb 2020 05:33:24 GMT" skipped="0">
  <testcase classname="com.rest_testRequest.GetTest" name="TestApp" time="0.007"/>
</testsuite> <!-- com.rest_testRequest.GetTest -->
